<?xml version="1.0" encoding="UTF-8"?>
<testng-results skipped="0" failed="0" total="16" passed="16">
  <reporter-output>
  </reporter-output>
  <suite name="Command line suite" duration-ms="2060" started-at="2013-07-09T23:41:29Z" finished-at="2013-07-09T23:41:31Z">
    <groups>
    </groups>
    <test name="Command line test" duration-ms="2060" started-at="2013-07-09T23:41:29Z" finished-at="2013-07-09T23:41:31Z">
      <class name="com.oceantech.koolping.infrastructure.persistence.UserIdRepositoryTest">
        <test-method status="PASS" signature="springTestContextBeforeTestClass()" name="springTestContextBeforeTestClass" is-config="true" duration-ms="0" started-at="2013-07-09T23:41:29Z" finished-at="2013-07-09T23:41:29Z">
        </test-method>
        <test-method status="PASS" signature="springTestContextPrepareTestInstance()" name="springTestContextPrepareTestInstance" is-config="true" duration-ms="1716" started-at="2013-07-09T23:41:29Z" depends-on-methods="org.springframework.test.context.testng.AbstractTestNGSpringContextTests.springTestContextBeforeTestClass" finished-at="2013-07-09T23:41:31Z">
        </test-method>
        <test-method status="PASS" signature="springTestContextBeforeTestMethod(java.lang.reflect.Method)" name="springTestContextBeforeTestMethod" is-config="true" duration-ms="9" started-at="2013-07-09T23:41:31Z" finished-at="2013-07-09T23:41:31Z">
          <params>
            <param index="0">
              <value>
                <![CDATA[public void com.oceantech.koolping.infrastructure.persistence.UserIdRepositoryTest.shouldGenerateNextIdentity() throws java.lang.Exception]]>
              </value>
            </param>
          </params>
        </test-method>
        <test-method status="PASS" signature="shouldGenerateNextIdentity()" name="shouldGenerateNextIdentity" duration-ms="1" started-at="2013-07-09T23:41:31Z" finished-at="2013-07-09T23:41:31Z">
        </test-method>
        <test-method status="PASS" signature="springTestContextAfterTestMethod(java.lang.reflect.Method)" name="springTestContextAfterTestMethod" is-config="true" duration-ms="2" started-at="2013-07-09T23:41:31Z" finished-at="2013-07-09T23:41:31Z">
          <params>
            <param index="0">
              <value>
                <![CDATA[public void com.oceantech.koolping.infrastructure.persistence.UserIdRepositoryTest.shouldGenerateNextIdentity() throws java.lang.Exception]]>
              </value>
            </param>
          </params>
        </test-method>
        <test-method status="PASS" signature="springTestContextAfterTestClass()" name="springTestContextAfterTestClass" is-config="true" duration-ms="1" started-at="2013-07-09T23:41:31Z" finished-at="2013-07-09T23:41:31Z">
        </test-method>
      </class>
      <class name="com.oceantech.koolping.infrastructure.persistence.UserRepositoryIntegrationTest">
        <test-method status="PASS" signature="springTestContextBeforeTestClass()" name="springTestContextBeforeTestClass" is-config="true" duration-ms="0" started-at="2013-07-09T23:41:31Z" finished-at="2013-07-09T23:41:31Z">
        </test-method>
        <test-method status="PASS" signature="springTestContextPrepareTestInstance()" name="springTestContextPrepareTestInstance" is-config="true" duration-ms="62" started-at="2013-07-09T23:41:31Z" depends-on-methods="org.springframework.test.context.testng.AbstractTestNGSpringContextTests.springTestContextBeforeTestClass" finished-at="2013-07-09T23:41:31Z">
        </test-method>
        <test-method status="PASS" signature="springTestContextBeforeTestMethod(java.lang.reflect.Method)" name="springTestContextBeforeTestMethod" is-config="true" duration-ms="2" started-at="2013-07-09T23:41:31Z" finished-at="2013-07-09T23:41:31Z">
          <params>
            <param index="0">
              <value>
                <![CDATA[public void com.oceantech.koolping.infrastructure.persistence.UserRepositoryIntegrationTest.shouldFindAllUsers()]]>
              </value>
            </param>
          </params>
        </test-method>
        <test-method status="PASS" signature="shouldFindAllUsers()" name="shouldFindAllUsers" duration-ms="128" started-at="2013-07-09T23:41:31Z" finished-at="2013-07-09T23:41:31Z">
        </test-method>
        <test-method status="PASS" signature="springTestContextAfterTestMethod(java.lang.reflect.Method)" name="springTestContextAfterTestMethod" is-config="true" duration-ms="2" started-at="2013-07-09T23:41:31Z" finished-at="2013-07-09T23:41:31Z">
          <params>
            <param index="0">
              <value>
                <![CDATA[public void com.oceantech.koolping.infrastructure.persistence.UserRepositoryIntegrationTest.shouldFindAllUsers()]]>
              </value>
            </param>
          </params>
        </test-method>
        <test-method status="PASS" signature="springTestContextBeforeTestMethod(java.lang.reflect.Method)" name="springTestContextBeforeTestMethod" is-config="true" duration-ms="2" started-at="2013-07-09T23:41:31Z" finished-at="2013-07-09T23:41:31Z">
          <params>
            <param index="0">
              <value>
                <![CDATA[public void com.oceantech.koolping.infrastructure.persistence.UserRepositoryIntegrationTest.shouldFindById()]]>
              </value>
            </param>
          </params>
        </test-method>
        <test-method status="PASS" signature="shouldFindById()" name="shouldFindById" duration-ms="4" started-at="2013-07-09T23:41:31Z" finished-at="2013-07-09T23:41:31Z">
        </test-method>
        <test-method status="PASS" signature="springTestContextAfterTestMethod(java.lang.reflect.Method)" name="springTestContextAfterTestMethod" is-config="true" duration-ms="2" started-at="2013-07-09T23:41:31Z" finished-at="2013-07-09T23:41:31Z">
          <params>
            <param index="0">
              <value>
                <![CDATA[public void com.oceantech.koolping.infrastructure.persistence.UserRepositoryIntegrationTest.shouldFindById()]]>
              </value>
            </param>
          </params>
        </test-method>
        <test-method status="PASS" signature="springTestContextBeforeTestMethod(java.lang.reflect.Method)" name="springTestContextBeforeTestMethod" is-config="true" duration-ms="2" started-at="2013-07-09T23:41:31Z" finished-at="2013-07-09T23:41:31Z">
          <params>
            <param index="0">
              <value>
                <![CDATA[public void com.oceantech.koolping.infrastructure.persistence.UserRepositoryIntegrationTest.shouldFindByUserId()]]>
              </value>
            </param>
          </params>
        </test-method>
        <test-method status="PASS" signature="shouldFindByUserId()" name="shouldFindByUserId" duration-ms="37" started-at="2013-07-09T23:41:31Z" finished-at="2013-07-09T23:41:31Z">
        </test-method>
        <test-method status="PASS" signature="springTestContextAfterTestMethod(java.lang.reflect.Method)" name="springTestContextAfterTestMethod" is-config="true" duration-ms="1" started-at="2013-07-09T23:41:31Z" finished-at="2013-07-09T23:41:31Z">
          <params>
            <param index="0">
              <value>
                <![CDATA[public void com.oceantech.koolping.infrastructure.persistence.UserRepositoryIntegrationTest.shouldFindByUserId()]]>
              </value>
            </param>
          </params>
        </test-method>
        <test-method status="PASS" signature="springTestContextBeforeTestMethod(java.lang.reflect.Method)" name="springTestContextBeforeTestMethod" is-config="true" duration-ms="2" started-at="2013-07-09T23:41:31Z" finished-at="2013-07-09T23:41:31Z">
          <params>
            <param index="0">
              <value>
                <![CDATA[public void com.oceantech.koolping.infrastructure.persistence.UserRepositoryIntegrationTest.shouldFindByUsername()]]>
              </value>
            </param>
          </params>
        </test-method>
        <test-method status="PASS" signature="shouldFindByUsername()" name="shouldFindByUsername" duration-ms="32" started-at="2013-07-09T23:41:31Z" finished-at="2013-07-09T23:41:31Z">
        </test-method>
        <test-method status="PASS" signature="springTestContextAfterTestMethod(java.lang.reflect.Method)" name="springTestContextAfterTestMethod" is-config="true" duration-ms="5" started-at="2013-07-09T23:41:31Z" finished-at="2013-07-09T23:41:31Z">
          <params>
            <param index="0">
              <value>
                <![CDATA[public void com.oceantech.koolping.infrastructure.persistence.UserRepositoryIntegrationTest.shouldFindByUsername()]]>
              </value>
            </param>
          </params>
        </test-method>
        <test-method status="PASS" signature="springTestContextBeforeTestMethod(java.lang.reflect.Method)" name="springTestContextBeforeTestMethod" is-config="true" duration-ms="2" started-at="2013-07-09T23:41:31Z" finished-at="2013-07-09T23:41:31Z">
          <params>
            <param index="0">
              <value>
                <![CDATA[public void com.oceantech.koolping.infrastructure.persistence.UserRepositoryIntegrationTest.shouldSaveUser()]]>
              </value>
            </param>
          </params>
        </test-method>
        <test-method status="PASS" signature="shouldSaveUser()" name="shouldSaveUser" duration-ms="5" started-at="2013-07-09T23:41:31Z" finished-at="2013-07-09T23:41:31Z">
        </test-method>
        <test-method status="PASS" signature="springTestContextAfterTestMethod(java.lang.reflect.Method)" name="springTestContextAfterTestMethod" is-config="true" duration-ms="1" started-at="2013-07-09T23:41:31Z" finished-at="2013-07-09T23:41:31Z">
          <params>
            <param index="0">
              <value>
                <![CDATA[public void com.oceantech.koolping.infrastructure.persistence.UserRepositoryIntegrationTest.shouldSaveUser()]]>
              </value>
            </param>
          </params>
        </test-method>
        <test-method status="PASS" signature="springTestContextAfterTestClass()" name="springTestContextAfterTestClass" is-config="true" duration-ms="5" started-at="2013-07-09T23:41:31Z" finished-at="2013-07-09T23:41:31Z">
        </test-method>
      </class>
      <class name="com.oceantech.koolping.infrastructure.persistence.UserRolesRepositoryIntegrationTest">
        <test-method status="PASS" signature="springTestContextBeforeTestClass()" name="springTestContextBeforeTestClass" is-config="true" duration-ms="1" started-at="2013-07-09T23:41:31Z" finished-at="2013-07-09T23:41:31Z">
        </test-method>
        <test-method status="PASS" signature="springTestContextPrepareTestInstance()" name="springTestContextPrepareTestInstance" is-config="true" duration-ms="10" started-at="2013-07-09T23:41:31Z" depends-on-methods="org.springframework.test.context.testng.AbstractTestNGSpringContextTests.springTestContextBeforeTestClass" finished-at="2013-07-09T23:41:31Z">
        </test-method>
        <test-method status="PASS" signature="springTestContextBeforeTestMethod(java.lang.reflect.Method)" name="springTestContextBeforeTestMethod" is-config="true" duration-ms="2" started-at="2013-07-09T23:41:31Z" finished-at="2013-07-09T23:41:31Z">
          <params>
            <param index="0">
              <value>
                <![CDATA[public void com.oceantech.koolping.infrastructure.persistence.UserRolesRepositoryIntegrationTest.shouldSaveUserRoles()]]>
              </value>
            </param>
          </params>
        </test-method>
        <test-method status="PASS" signature="shouldSaveUserRoles()" name="shouldSaveUserRoles" duration-ms="3" started-at="2013-07-09T23:41:31Z" finished-at="2013-07-09T23:41:31Z">
        </test-method>
        <test-method status="PASS" signature="springTestContextAfterTestMethod(java.lang.reflect.Method)" name="springTestContextAfterTestMethod" is-config="true" duration-ms="1" started-at="2013-07-09T23:41:31Z" finished-at="2013-07-09T23:41:31Z">
          <params>
            <param index="0">
              <value>
                <![CDATA[public void com.oceantech.koolping.infrastructure.persistence.UserRolesRepositoryIntegrationTest.shouldSaveUserRoles()]]>
              </value>
            </param>
          </params>
        </test-method>
        <test-method status="PASS" signature="springTestContextAfterTestClass()" name="springTestContextAfterTestClass" is-config="true" duration-ms="0" started-at="2013-07-09T23:41:31Z" finished-at="2013-07-09T23:41:31Z">
        </test-method>
      </class>
      <class name="com.oceantech.koolping.domain.model.UserIdTest">
        <test-method status="PASS" signature="shouldCreateUserIdWhenValidDataIsPassed()" name="shouldCreateUserIdWhenValidDataIsPassed" duration-ms="1" started-at="2013-07-09T23:41:29Z" finished-at="2013-07-09T23:41:29Z">
        </test-method>
        <test-method status="PASS" signature="shouldThrowIllegalArgumentExceptionWhenInvalidDataIsPassed(java.lang.String)" name="shouldThrowIllegalArgumentExceptionWhenInvalidDataIsPassed" duration-ms="0" started-at="2013-07-09T23:41:29Z" finished-at="2013-07-09T23:41:29Z">
          <params>
            <param index="0">
              <value is-null="true"/>
            </param>
          </params>
          <exception class="java.lang.IllegalArgumentException">
            <message>
              <![CDATA[Id can not be set to null.]]>
            </message>
            <full-stacktrace>
              <![CDATA[java.lang.IllegalArgumentException: Id can not be set to null.
	at com.oceantech.koolping.domain.model.UserId.setId(UserId.java:26)
	at com.oceantech.koolping.domain.model.UserId.<init>(UserId.java:17)
	at com.oceantech.koolping.domain.model.UserIdTest.shouldThrowIllegalArgumentExceptionWhenInvalidDataIsPassed(UserIdTest.java:26)
	at sun.reflect.NativeMethodAccessorImpl.invoke0(Native Method)
	at sun.reflect.NativeMethodAccessorImpl.invoke(NativeMethodAccessorImpl.java:57)
	at sun.reflect.DelegatingMethodAccessorImpl.invoke(DelegatingMethodAccessorImpl.java:43)
	at java.lang.reflect.Method.invoke(Method.java:601)
	at org.testng.internal.MethodInvocationHelper.invokeMethod(MethodInvocationHelper.java:80)
	at org.testng.internal.Invoker.invokeMethod(Invoker.java:673)
	at org.testng.internal.Invoker.invokeTestMethod(Invoker.java:842)
	at org.testng.internal.Invoker.invokeTestMethods(Invoker.java:1166)
	at org.testng.internal.TestMethodWorker.invokeTestMethods(TestMethodWorker.java:125)
	at org.testng.internal.TestMethodWorker.run(TestMethodWorker.java:109)
	at org.testng.TestRunner.runWorkers(TestRunner.java:1178)
	at org.testng.TestRunner.privateRun(TestRunner.java:757)
	at org.testng.TestRunner.run(TestRunner.java:608)
	at org.testng.SuiteRunner.runTest(SuiteRunner.java:334)
	at org.testng.SuiteRunner.runSequentially(SuiteRunner.java:329)
	at org.testng.SuiteRunner.privateRun(SuiteRunner.java:291)
	at org.testng.SuiteRunner.run(SuiteRunner.java:240)
	at org.testng.SuiteRunnerWorker.runSuite(SuiteRunnerWorker.java:52)
	at org.testng.SuiteRunnerWorker.run(SuiteRunnerWorker.java:86)
	at org.testng.TestNG.runSuitesSequentially(TestNG.java:1158)
	at org.testng.TestNG.runSuitesLocally(TestNG.java:1083)
	at org.testng.TestNG.run(TestNG.java:999)
	at org.apache.maven.surefire.testng.TestNGExecutor.run(TestNGExecutor.java:62)
	at org.apache.maven.surefire.testng.TestNGDirectoryTestSuite.execute(TestNGDirectoryTestSuite.java:141)
	at org.apache.maven.surefire.Surefire.run(Surefire.java:177)
	at sun.reflect.NativeMethodAccessorImpl.invoke0(Native Method)
	at sun.reflect.NativeMethodAccessorImpl.invoke(NativeMethodAccessorImpl.java:57)
	at sun.reflect.DelegatingMethodAccessorImpl.invoke(DelegatingMethodAccessorImpl.java:43)
	at java.lang.reflect.Method.invoke(Method.java:601)
	at org.apache.maven.surefire.booter.SurefireBooter.runSuitesInProcess(SurefireBooter.java:345)
	at org.apache.maven.surefire.booter.SurefireBooter.main(SurefireBooter.java:1009)
]]>
            </full-stacktrace>
          </exception>
        </test-method>
        <test-method status="PASS" signature="shouldThrowIllegalArgumentExceptionWhenInvalidDataIsPassed(java.lang.String)" name="shouldThrowIllegalArgumentExceptionWhenInvalidDataIsPassed" duration-ms="1" started-at="2013-07-09T23:41:29Z" finished-at="2013-07-09T23:41:29Z">
          <params>
            <param index="0">
              <value>
                <![CDATA[]]>
              </value>
            </param>
          </params>
          <exception class="java.lang.IllegalArgumentException">
            <message>
              <![CDATA[Id is required.]]>
            </message>
            <full-stacktrace>
              <![CDATA[java.lang.IllegalArgumentException: Id is required.
	at com.oceantech.koolping.domain.model.UserId.setId(UserId.java:29)
	at com.oceantech.koolping.domain.model.UserId.<init>(UserId.java:17)
	at com.oceantech.koolping.domain.model.UserIdTest.shouldThrowIllegalArgumentExceptionWhenInvalidDataIsPassed(UserIdTest.java:26)
	at sun.reflect.NativeMethodAccessorImpl.invoke0(Native Method)
	at sun.reflect.NativeMethodAccessorImpl.invoke(NativeMethodAccessorImpl.java:57)
	at sun.reflect.DelegatingMethodAccessorImpl.invoke(DelegatingMethodAccessorImpl.java:43)
	at java.lang.reflect.Method.invoke(Method.java:601)
	at org.testng.internal.MethodInvocationHelper.invokeMethod(MethodInvocationHelper.java:80)
	at org.testng.internal.Invoker.invokeMethod(Invoker.java:673)
	at org.testng.internal.Invoker.invokeTestMethod(Invoker.java:842)
	at org.testng.internal.Invoker.invokeTestMethods(Invoker.java:1166)
	at org.testng.internal.TestMethodWorker.invokeTestMethods(TestMethodWorker.java:125)
	at org.testng.internal.TestMethodWorker.run(TestMethodWorker.java:109)
	at org.testng.TestRunner.runWorkers(TestRunner.java:1178)
	at org.testng.TestRunner.privateRun(TestRunner.java:757)
	at org.testng.TestRunner.run(TestRunner.java:608)
	at org.testng.SuiteRunner.runTest(SuiteRunner.java:334)
	at org.testng.SuiteRunner.runSequentially(SuiteRunner.java:329)
	at org.testng.SuiteRunner.privateRun(SuiteRunner.java:291)
	at org.testng.SuiteRunner.run(SuiteRunner.java:240)
	at org.testng.SuiteRunnerWorker.runSuite(SuiteRunnerWorker.java:52)
	at org.testng.SuiteRunnerWorker.run(SuiteRunnerWorker.java:86)
	at org.testng.TestNG.runSuitesSequentially(TestNG.java:1158)
	at org.testng.TestNG.runSuitesLocally(TestNG.java:1083)
	at org.testng.TestNG.run(TestNG.java:999)
	at org.apache.maven.surefire.testng.TestNGExecutor.run(TestNGExecutor.java:62)
	at org.apache.maven.surefire.testng.TestNGDirectoryTestSuite.execute(TestNGDirectoryTestSuite.java:141)
	at org.apache.maven.surefire.Surefire.run(Surefire.java:177)
	at sun.reflect.NativeMethodAccessorImpl.invoke0(Native Method)
	at sun.reflect.NativeMethodAccessorImpl.invoke(NativeMethodAccessorImpl.java:57)
	at sun.reflect.DelegatingMethodAccessorImpl.invoke(DelegatingMethodAccessorImpl.java:43)
	at java.lang.reflect.Method.invoke(Method.java:601)
	at org.apache.maven.surefire.booter.SurefireBooter.runSuitesInProcess(SurefireBooter.java:345)
	at org.apache.maven.surefire.booter.SurefireBooter.main(SurefireBooter.java:1009)
]]>
            </full-stacktrace>
          </exception>
        </test-method>
        <test-method status="PASS" signature="shouldThrowIllegalArgumentExceptionWhenInvalidDataIsPassed(java.lang.String)" name="shouldThrowIllegalArgumentExceptionWhenInvalidDataIsPassed" duration-ms="0" started-at="2013-07-09T23:41:29Z" finished-at="2013-07-09T23:41:29Z">
          <params>
            <param index="0">
              <value>
                <![CDATA[AAAAA11111-BBBBB22222-CCCCC33333-DDDDD44444-EEEEE55555-FFFFF66666-GGGGG77777-HHHHH88888-IIIII99999-JJJJJ-22222]]>
              </value>
            </param>
          </params>
          <exception class="java.lang.IllegalArgumentException">
            <message>
              <![CDATA[Id must be 100 characters or less.]]>
            </message>
            <full-stacktrace>
              <![CDATA[java.lang.IllegalArgumentException: Id must be 100 characters or less.
	at com.oceantech.koolping.domain.model.UserId.setId(UserId.java:32)
	at com.oceantech.koolping.domain.model.UserId.<init>(UserId.java:17)
	at com.oceantech.koolping.domain.model.UserIdTest.shouldThrowIllegalArgumentExceptionWhenInvalidDataIsPassed(UserIdTest.java:26)
	at sun.reflect.NativeMethodAccessorImpl.invoke0(Native Method)
	at sun.reflect.NativeMethodAccessorImpl.invoke(NativeMethodAccessorImpl.java:57)
	at sun.reflect.DelegatingMethodAccessorImpl.invoke(DelegatingMethodAccessorImpl.java:43)
	at java.lang.reflect.Method.invoke(Method.java:601)
	at org.testng.internal.MethodInvocationHelper.invokeMethod(MethodInvocationHelper.java:80)
	at org.testng.internal.Invoker.invokeMethod(Invoker.java:673)
	at org.testng.internal.Invoker.invokeTestMethod(Invoker.java:842)
	at org.testng.internal.Invoker.invokeTestMethods(Invoker.java:1166)
	at org.testng.internal.TestMethodWorker.invokeTestMethods(TestMethodWorker.java:125)
	at org.testng.internal.TestMethodWorker.run(TestMethodWorker.java:109)
	at org.testng.TestRunner.runWorkers(TestRunner.java:1178)
	at org.testng.TestRunner.privateRun(TestRunner.java:757)
	at org.testng.TestRunner.run(TestRunner.java:608)
	at org.testng.SuiteRunner.runTest(SuiteRunner.java:334)
	at org.testng.SuiteRunner.runSequentially(SuiteRunner.java:329)
	at org.testng.SuiteRunner.privateRun(SuiteRunner.java:291)
	at org.testng.SuiteRunner.run(SuiteRunner.java:240)
	at org.testng.SuiteRunnerWorker.runSuite(SuiteRunnerWorker.java:52)
	at org.testng.SuiteRunnerWorker.run(SuiteRunnerWorker.java:86)
	at org.testng.TestNG.runSuitesSequentially(TestNG.java:1158)
	at org.testng.TestNG.runSuitesLocally(TestNG.java:1083)
	at org.testng.TestNG.run(TestNG.java:999)
	at org.apache.maven.surefire.testng.TestNGExecutor.run(TestNGExecutor.java:62)
	at org.apache.maven.surefire.testng.TestNGDirectoryTestSuite.execute(TestNGDirectoryTestSuite.java:141)
	at org.apache.maven.surefire.Surefire.run(Surefire.java:177)
	at sun.reflect.NativeMethodAccessorImpl.invoke0(Native Method)
	at sun.reflect.NativeMethodAccessorImpl.invoke(NativeMethodAccessorImpl.java:57)
	at sun.reflect.DelegatingMethodAccessorImpl.invoke(DelegatingMethodAccessorImpl.java:43)
	at java.lang.reflect.Method.invoke(Method.java:601)
	at org.apache.maven.surefire.booter.SurefireBooter.runSuitesInProcess(SurefireBooter.java:345)
	at org.apache.maven.surefire.booter.SurefireBooter.main(SurefireBooter.java:1009)
]]>
            </full-stacktrace>
          </exception>
        </test-method>
      </class>
      <class name="com.oceantech.koolping.domain.model.EmailTest">
        <test-method status="PASS" signature="shouldSetEmailAddressWhenValidAddressIsPassed()" name="shouldSetEmailAddressWhenValidAddressIsPassed" duration-ms="8" started-at="2013-07-09T23:41:29Z" finished-at="2013-07-09T23:41:29Z">
        </test-method>
        <test-method status="PASS" signature="shouldThrowIllegalArgumentExceptionWhenInvalidAddressIsPassed(java.lang.String)" name="shouldThrowIllegalArgumentExceptionWhenInvalidAddressIsPassed" duration-ms="0" started-at="2013-07-09T23:41:29Z" finished-at="2013-07-09T23:41:29Z">
          <params>
            <param index="0">
              <value>
                <![CDATA[]]>
              </value>
            </param>
          </params>
          <exception class="java.lang.IllegalArgumentException">
            <message>
              <![CDATA[Email address is required.]]>
            </message>
            <full-stacktrace>
              <![CDATA[java.lang.IllegalArgumentException: Email address is required.
	at com.oceantech.koolping.domain.model.Email.setAddress(Email.java:33)
	at com.oceantech.koolping.domain.model.Email.<init>(Email.java:21)
	at com.oceantech.koolping.domain.model.EmailTest.shouldThrowIllegalArgumentExceptionWhenInvalidAddressIsPassed(EmailTest.java:26)
	at sun.reflect.NativeMethodAccessorImpl.invoke0(Native Method)
	at sun.reflect.NativeMethodAccessorImpl.invoke(NativeMethodAccessorImpl.java:57)
	at sun.reflect.DelegatingMethodAccessorImpl.invoke(DelegatingMethodAccessorImpl.java:43)
	at java.lang.reflect.Method.invoke(Method.java:601)
	at org.testng.internal.MethodInvocationHelper.invokeMethod(MethodInvocationHelper.java:80)
	at org.testng.internal.Invoker.invokeMethod(Invoker.java:673)
	at org.testng.internal.Invoker.invokeTestMethod(Invoker.java:842)
	at org.testng.internal.Invoker.invokeTestMethods(Invoker.java:1166)
	at org.testng.internal.TestMethodWorker.invokeTestMethods(TestMethodWorker.java:125)
	at org.testng.internal.TestMethodWorker.run(TestMethodWorker.java:109)
	at org.testng.TestRunner.runWorkers(TestRunner.java:1178)
	at org.testng.TestRunner.privateRun(TestRunner.java:757)
	at org.testng.TestRunner.run(TestRunner.java:608)
	at org.testng.SuiteRunner.runTest(SuiteRunner.java:334)
	at org.testng.SuiteRunner.runSequentially(SuiteRunner.java:329)
	at org.testng.SuiteRunner.privateRun(SuiteRunner.java:291)
	at org.testng.SuiteRunner.run(SuiteRunner.java:240)
	at org.testng.SuiteRunnerWorker.runSuite(SuiteRunnerWorker.java:52)
	at org.testng.SuiteRunnerWorker.run(SuiteRunnerWorker.java:86)
	at org.testng.TestNG.runSuitesSequentially(TestNG.java:1158)
	at org.testng.TestNG.runSuitesLocally(TestNG.java:1083)
	at org.testng.TestNG.run(TestNG.java:999)
	at org.apache.maven.surefire.testng.TestNGExecutor.run(TestNGExecutor.java:62)
	at org.apache.maven.surefire.testng.TestNGDirectoryTestSuite.execute(TestNGDirectoryTestSuite.java:141)
	at org.apache.maven.surefire.Surefire.run(Surefire.java:177)
	at sun.reflect.NativeMethodAccessorImpl.invoke0(Native Method)
	at sun.reflect.NativeMethodAccessorImpl.invoke(NativeMethodAccessorImpl.java:57)
	at sun.reflect.DelegatingMethodAccessorImpl.invoke(DelegatingMethodAccessorImpl.java:43)
	at java.lang.reflect.Method.invoke(Method.java:601)
	at org.apache.maven.surefire.booter.SurefireBooter.runSuitesInProcess(SurefireBooter.java:345)
	at org.apache.maven.surefire.booter.SurefireBooter.main(SurefireBooter.java:1009)
]]>
            </full-stacktrace>
          </exception>
        </test-method>
        <test-method status="PASS" signature="shouldThrowIllegalArgumentExceptionWhenInvalidAddressIsPassed(java.lang.String)" name="shouldThrowIllegalArgumentExceptionWhenInvalidAddressIsPassed" duration-ms="1" started-at="2013-07-09T23:41:29Z" finished-at="2013-07-09T23:41:29Z">
          <params>
            <param index="0">
              <value>
                <![CDATA[abc.com]]>
              </value>
            </param>
          </params>
          <exception class="java.lang.IllegalArgumentException">
            <message>
              <![CDATA[Email address format is not valid.]]>
            </message>
            <full-stacktrace>
              <![CDATA[java.lang.IllegalArgumentException: Email address format is not valid.
	at com.oceantech.koolping.domain.model.Email.setAddress(Email.java:39)
	at com.oceantech.koolping.domain.model.Email.<init>(Email.java:21)
	at com.oceantech.koolping.domain.model.EmailTest.shouldThrowIllegalArgumentExceptionWhenInvalidAddressIsPassed(EmailTest.java:26)
	at sun.reflect.NativeMethodAccessorImpl.invoke0(Native Method)
	at sun.reflect.NativeMethodAccessorImpl.invoke(NativeMethodAccessorImpl.java:57)
	at sun.reflect.DelegatingMethodAccessorImpl.invoke(DelegatingMethodAccessorImpl.java:43)
	at java.lang.reflect.Method.invoke(Method.java:601)
	at org.testng.internal.MethodInvocationHelper.invokeMethod(MethodInvocationHelper.java:80)
	at org.testng.internal.Invoker.invokeMethod(Invoker.java:673)
	at org.testng.internal.Invoker.invokeTestMethod(Invoker.java:842)
	at org.testng.internal.Invoker.invokeTestMethods(Invoker.java:1166)
	at org.testng.internal.TestMethodWorker.invokeTestMethods(TestMethodWorker.java:125)
	at org.testng.internal.TestMethodWorker.run(TestMethodWorker.java:109)
	at org.testng.TestRunner.runWorkers(TestRunner.java:1178)
	at org.testng.TestRunner.privateRun(TestRunner.java:757)
	at org.testng.TestRunner.run(TestRunner.java:608)
	at org.testng.SuiteRunner.runTest(SuiteRunner.java:334)
	at org.testng.SuiteRunner.runSequentially(SuiteRunner.java:329)
	at org.testng.SuiteRunner.privateRun(SuiteRunner.java:291)
	at org.testng.SuiteRunner.run(SuiteRunner.java:240)
	at org.testng.SuiteRunnerWorker.runSuite(SuiteRunnerWorker.java:52)
	at org.testng.SuiteRunnerWorker.run(SuiteRunnerWorker.java:86)
	at org.testng.TestNG.runSuitesSequentially(TestNG.java:1158)
	at org.testng.TestNG.runSuitesLocally(TestNG.java:1083)
	at org.testng.TestNG.run(TestNG.java:999)
	at org.apache.maven.surefire.testng.TestNGExecutor.run(TestNGExecutor.java:62)
	at org.apache.maven.surefire.testng.TestNGDirectoryTestSuite.execute(TestNGDirectoryTestSuite.java:141)
	at org.apache.maven.surefire.Surefire.run(Surefire.java:177)
	at sun.reflect.NativeMethodAccessorImpl.invoke0(Native Method)
	at sun.reflect.NativeMethodAccessorImpl.invoke(NativeMethodAccessorImpl.java:57)
	at sun.reflect.DelegatingMethodAccessorImpl.invoke(DelegatingMethodAccessorImpl.java:43)
	at java.lang.reflect.Method.invoke(Method.java:601)
	at org.apache.maven.surefire.booter.SurefireBooter.runSuitesInProcess(SurefireBooter.java:345)
	at org.apache.maven.surefire.booter.SurefireBooter.main(SurefireBooter.java:1009)
]]>
            </full-stacktrace>
          </exception>
        </test-method>
        <test-method status="PASS" signature="shouldThrowIllegalArgumentExceptionWhenInvalidAddressIsPassed(java.lang.String)" name="shouldThrowIllegalArgumentExceptionWhenInvalidAddressIsPassed" duration-ms="0" started-at="2013-07-09T23:41:29Z" finished-at="2013-07-09T23:41:29Z">
          <params>
            <param index="0">
              <value is-null="true"/>
            </param>
          </params>
          <exception class="java.lang.IllegalArgumentException">
            <message>
              <![CDATA[Email address must not be null.]]>
            </message>
            <full-stacktrace>
              <![CDATA[java.lang.IllegalArgumentException: Email address must not be null.
	at com.oceantech.koolping.domain.model.Email.setAddress(Email.java:30)
	at com.oceantech.koolping.domain.model.Email.<init>(Email.java:21)
	at com.oceantech.koolping.domain.model.EmailTest.shouldThrowIllegalArgumentExceptionWhenInvalidAddressIsPassed(EmailTest.java:26)
	at sun.reflect.NativeMethodAccessorImpl.invoke0(Native Method)
	at sun.reflect.NativeMethodAccessorImpl.invoke(NativeMethodAccessorImpl.java:57)
	at sun.reflect.DelegatingMethodAccessorImpl.invoke(DelegatingMethodAccessorImpl.java:43)
	at java.lang.reflect.Method.invoke(Method.java:601)
	at org.testng.internal.MethodInvocationHelper.invokeMethod(MethodInvocationHelper.java:80)
	at org.testng.internal.Invoker.invokeMethod(Invoker.java:673)
	at org.testng.internal.Invoker.invokeTestMethod(Invoker.java:842)
	at org.testng.internal.Invoker.invokeTestMethods(Invoker.java:1166)
	at org.testng.internal.TestMethodWorker.invokeTestMethods(TestMethodWorker.java:125)
	at org.testng.internal.TestMethodWorker.run(TestMethodWorker.java:109)
	at org.testng.TestRunner.runWorkers(TestRunner.java:1178)
	at org.testng.TestRunner.privateRun(TestRunner.java:757)
	at org.testng.TestRunner.run(TestRunner.java:608)
	at org.testng.SuiteRunner.runTest(SuiteRunner.java:334)
	at org.testng.SuiteRunner.runSequentially(SuiteRunner.java:329)
	at org.testng.SuiteRunner.privateRun(SuiteRunner.java:291)
	at org.testng.SuiteRunner.run(SuiteRunner.java:240)
	at org.testng.SuiteRunnerWorker.runSuite(SuiteRunnerWorker.java:52)
	at org.testng.SuiteRunnerWorker.run(SuiteRunnerWorker.java:86)
	at org.testng.TestNG.runSuitesSequentially(TestNG.java:1158)
	at org.testng.TestNG.runSuitesLocally(TestNG.java:1083)
	at org.testng.TestNG.run(TestNG.java:999)
	at org.apache.maven.surefire.testng.TestNGExecutor.run(TestNGExecutor.java:62)
	at org.apache.maven.surefire.testng.TestNGDirectoryTestSuite.execute(TestNGDirectoryTestSuite.java:141)
	at org.apache.maven.surefire.Surefire.run(Surefire.java:177)
	at sun.reflect.NativeMethodAccessorImpl.invoke0(Native Method)
	at sun.reflect.NativeMethodAccessorImpl.invoke(NativeMethodAccessorImpl.java:57)
	at sun.reflect.DelegatingMethodAccessorImpl.invoke(DelegatingMethodAccessorImpl.java:43)
	at java.lang.reflect.Method.invoke(Method.java:601)
	at org.apache.maven.surefire.booter.SurefireBooter.runSuitesInProcess(SurefireBooter.java:345)
	at org.apache.maven.surefire.booter.SurefireBooter.main(SurefireBooter.java:1009)
]]>
            </full-stacktrace>
          </exception>
        </test-method>
        <test-method status="PASS" signature="shouldThrowIllegalArgumentExceptionWhenInvalidAddressIsPassed(java.lang.String)" name="shouldThrowIllegalArgumentExceptionWhenInvalidAddressIsPassed" duration-ms="0" started-at="2013-07-09T23:41:29Z" finished-at="2013-07-09T23:41:29Z">
          <params>
            <param index="0">
              <value>
                <![CDATA[AAAAA11111-BBBBB22222-CCCCC33333-DDDDD44444-EEEEE55555-FFFFF66666-GGGGG77777-HHHHH88888-IIIII99999-JJJJJ-22222EEEEE55555-FFFFF66666-GGGGG77777-HHHHH88888-IIIII99999-JJJJJ-22222@abc.com]]>
              </value>
            </param>
          </params>
          <exception class="java.lang.IllegalArgumentException">
            <message>
              <![CDATA[Email address must be 150 characters or less.]]>
            </message>
            <full-stacktrace>
              <![CDATA[java.lang.IllegalArgumentException: Email address must be 150 characters or less.
	at com.oceantech.koolping.domain.model.Email.setAddress(Email.java:36)
	at com.oceantech.koolping.domain.model.Email.<init>(Email.java:21)
	at com.oceantech.koolping.domain.model.EmailTest.shouldThrowIllegalArgumentExceptionWhenInvalidAddressIsPassed(EmailTest.java:26)
	at sun.reflect.NativeMethodAccessorImpl.invoke0(Native Method)
	at sun.reflect.NativeMethodAccessorImpl.invoke(NativeMethodAccessorImpl.java:57)
	at sun.reflect.DelegatingMethodAccessorImpl.invoke(DelegatingMethodAccessorImpl.java:43)
	at java.lang.reflect.Method.invoke(Method.java:601)
	at org.testng.internal.MethodInvocationHelper.invokeMethod(MethodInvocationHelper.java:80)
	at org.testng.internal.Invoker.invokeMethod(Invoker.java:673)
	at org.testng.internal.Invoker.invokeTestMethod(Invoker.java:842)
	at org.testng.internal.Invoker.invokeTestMethods(Invoker.java:1166)
	at org.testng.internal.TestMethodWorker.invokeTestMethods(TestMethodWorker.java:125)
	at org.testng.internal.TestMethodWorker.run(TestMethodWorker.java:109)
	at org.testng.TestRunner.runWorkers(TestRunner.java:1178)
	at org.testng.TestRunner.privateRun(TestRunner.java:757)
	at org.testng.TestRunner.run(TestRunner.java:608)
	at org.testng.SuiteRunner.runTest(SuiteRunner.java:334)
	at org.testng.SuiteRunner.runSequentially(SuiteRunner.java:329)
	at org.testng.SuiteRunner.privateRun(SuiteRunner.java:291)
	at org.testng.SuiteRunner.run(SuiteRunner.java:240)
	at org.testng.SuiteRunnerWorker.runSuite(SuiteRunnerWorker.java:52)
	at org.testng.SuiteRunnerWorker.run(SuiteRunnerWorker.java:86)
	at org.testng.TestNG.runSuitesSequentially(TestNG.java:1158)
	at org.testng.TestNG.runSuitesLocally(TestNG.java:1083)
	at org.testng.TestNG.run(TestNG.java:999)
	at org.apache.maven.surefire.testng.TestNGExecutor.run(TestNGExecutor.java:62)
	at org.apache.maven.surefire.testng.TestNGDirectoryTestSuite.execute(TestNGDirectoryTestSuite.java:141)
	at org.apache.maven.surefire.Surefire.run(Surefire.java:177)
	at sun.reflect.NativeMethodAccessorImpl.invoke0(Native Method)
	at sun.reflect.NativeMethodAccessorImpl.invoke(NativeMethodAccessorImpl.java:57)
	at sun.reflect.DelegatingMethodAccessorImpl.invoke(DelegatingMethodAccessorImpl.java:43)
	at java.lang.reflect.Method.invoke(Method.java:601)
	at org.apache.maven.surefire.booter.SurefireBooter.runSuitesInProcess(SurefireBooter.java:345)
	at org.apache.maven.surefire.booter.SurefireBooter.main(SurefireBooter.java:1009)
]]>
            </full-stacktrace>
          </exception>
        </test-method>
      </class>
    </test>
  </suite>
</testng-results>
