<html>
<head>
<title>TestNG:  Command line test</title>
<link href="../testng.css" rel="stylesheet" type="text/css" />
<link href="../my-testng.css" rel="stylesheet" type="text/css" />

<style type="text/css">
.log { display: none;} 
.stack-trace { display: none;} 
</style>
<script type="text/javascript">
<!--
function flip(e) {
  current = e.style.display;
  if (current == 'block') {
    e.style.display = 'none';
    return 0;
  }
  else {
    e.style.display = 'block';
    return 1;
  }
}

function toggleBox(szDivId, elem, msg1, msg2)
{
  var res = -1;  if (document.getElementById) {
    res = flip(document.getElementById(szDivId));
  }
  else if (document.all) {
    // this is the way old msie versions work
    res = flip(document.all[szDivId]);
  }
  if(elem) {
    if(res == 0) elem.innerHTML = msg1; else elem.innerHTML = msg2;
  }

}

function toggleAllBoxes() {
  if (document.getElementsByTagName) {
    d = document.getElementsByTagName('div');
    for (i = 0; i < d.length; i++) {
      if (d[i].className == 'log') {
        flip(d[i]);
      }
    }
  }
}

// -->
</script>

</head>
<body>
<h2 align='center'>Command line test</h2><table border='1' align="center">
<tr>
<td>Tests passed/Failed/Skipped:</td><td>16/0/0</td>
</tr><tr>
<td>Started on:</td><td>Tue Jul 09 23:41:29 BST 2013</td>
</tr>
<tr><td>Total time:</td><td>2 seconds (2060 ms)</td>
</tr><tr>
<td>Included groups:</td><td></td>
</tr><tr>
<td>Excluded groups:</td><td></td>
</tr>
</table><p/>
<small><i>(Hover the method name to see the test class name)</i></small><p/>
<table width='100%' border='1' class='invocation-passed'>
<tr><td colspan='4' align='center'><b>PASSED TESTS</b></td></tr>
<tr><td><b>Test method</b></td>
<td width="30%"><b>Exception</b></td>
<td width="10%"><b>Time (seconds)</b></td>
<td><b>Instance</b></td>
</tr>
<tr>
<td title='com.oceantech.koolping.domain.model.UserIdTest.shouldCreateUserIdWhenValidDataIsPassed()'><b>shouldCreateUserIdWhenValidDataIsPassed</b><br>Test class: com.oceantech.koolping.domain.model.UserIdTest</td>
<td></td>
<td>0</td>
<td>com.oceantech.koolping.domain.model.UserIdTest@30fc0fd</td></tr>
<tr>
<td title='com.oceantech.koolping.infrastructure.persistence.UserRepositoryIntegrationTest.shouldFindAllUsers()'><b>shouldFindAllUsers</b><br>Test class: com.oceantech.koolping.infrastructure.persistence.UserRepositoryIntegrationTest</td>
<td></td>
<td>0</td>
<td>com.oceantech.koolping.infrastructure.persistence.UserRepositoryIntegrationTest@1773180c</td></tr>
<tr>
<td title='com.oceantech.koolping.infrastructure.persistence.UserRepositoryIntegrationTest.shouldFindById()'><b>shouldFindById</b><br>Test class: com.oceantech.koolping.infrastructure.persistence.UserRepositoryIntegrationTest</td>
<td></td>
<td>0</td>
<td>com.oceantech.koolping.infrastructure.persistence.UserRepositoryIntegrationTest@1773180c</td></tr>
<tr>
<td title='com.oceantech.koolping.infrastructure.persistence.UserRepositoryIntegrationTest.shouldFindByUserId()'><b>shouldFindByUserId</b><br>Test class: com.oceantech.koolping.infrastructure.persistence.UserRepositoryIntegrationTest</td>
<td></td>
<td>0</td>
<td>com.oceantech.koolping.infrastructure.persistence.UserRepositoryIntegrationTest@1773180c</td></tr>
<tr>
<td title='com.oceantech.koolping.infrastructure.persistence.UserRepositoryIntegrationTest.shouldFindByUsername()'><b>shouldFindByUsername</b><br>Test class: com.oceantech.koolping.infrastructure.persistence.UserRepositoryIntegrationTest</td>
<td></td>
<td>0</td>
<td>com.oceantech.koolping.infrastructure.persistence.UserRepositoryIntegrationTest@1773180c</td></tr>
<tr>
<td title='com.oceantech.koolping.infrastructure.persistence.UserIdRepositoryTest.shouldGenerateNextIdentity()'><b>shouldGenerateNextIdentity</b><br>Test class: com.oceantech.koolping.infrastructure.persistence.UserIdRepositoryTest</td>
<td></td>
<td>0</td>
<td>com.oceantech.koolping.infrastructure.persistence.UserIdRepositoryTest@7f47239c</td></tr>
<tr>
<td title='com.oceantech.koolping.infrastructure.persistence.UserRepositoryIntegrationTest.shouldSaveUser()'><b>shouldSaveUser</b><br>Test class: com.oceantech.koolping.infrastructure.persistence.UserRepositoryIntegrationTest</td>
<td></td>
<td>0</td>
<td>com.oceantech.koolping.infrastructure.persistence.UserRepositoryIntegrationTest@1773180c</td></tr>
<tr>
<td title='com.oceantech.koolping.infrastructure.persistence.UserRolesRepositoryIntegrationTest.shouldSaveUserRoles()'><b>shouldSaveUserRoles</b><br>Test class: com.oceantech.koolping.infrastructure.persistence.UserRolesRepositoryIntegrationTest</td>
<td></td>
<td>0</td>
<td>com.oceantech.koolping.infrastructure.persistence.UserRolesRepositoryIntegrationTest@52fc7db</td></tr>
<tr>
<td title='com.oceantech.koolping.domain.model.EmailTest.shouldSetEmailAddressWhenValidAddressIsPassed()'><b>shouldSetEmailAddressWhenValidAddressIsPassed</b><br>Test class: com.oceantech.koolping.domain.model.EmailTest</td>
<td></td>
<td>0</td>
<td>com.oceantech.koolping.domain.model.EmailTest@dabb176</td></tr>
<tr>
<td title='com.oceantech.koolping.domain.model.EmailTest.shouldThrowIllegalArgumentExceptionWhenInvalidAddressIsPassed()'><b>shouldThrowIllegalArgumentExceptionWhenInvalidAddressIsPassed</b><br>Test class: com.oceantech.koolping.domain.model.EmailTest<br>Parameters: null</td>
<td><div><pre>java.lang.IllegalArgumentException: Email address must not be null.
	at com.oceantech.koolping.domain.model.Email.setAddress(Email.java:30)
	at com.oceantech.koolping.domain.model.Email.&lt;init&gt;(Email.java:21)
	at com.oceantech.koolping.domain.model.EmailTest.shouldThrowIllegalArgumentExceptionWhenInvalidAddressIsPassed(EmailTest.java:26)
	at org.apache.maven.surefire.testng.TestNGExecutor.run(TestNGExecutor.java:62)
	at org.apache.maven.surefire.testng.TestNGDirectoryTestSuite.execute(TestNGDirectoryTestSuite.java:141)
	at org.apache.maven.surefire.Surefire.run(Surefire.java:177)
	at org.apache.maven.surefire.booter.SurefireBooter.runSuitesInProcess(SurefireBooter.java:345)
	at org.apache.maven.surefire.booter.SurefireBooter.main(SurefireBooter.java:1009)
... Removed 26 stack frames</pre></div><a href='#' onClick='toggleBox("stack-trace1987870658", this, "Click to show all stack frames", "Click to hide stack frames")'>Click to show all stack frames</a>
<div class='stack-trace' id='stack-trace1987870658'><pre>java.lang.IllegalArgumentException: Email address must not be null.
	at com.oceantech.koolping.domain.model.Email.setAddress(Email.java:30)
	at com.oceantech.koolping.domain.model.Email.&lt;init&gt;(Email.java:21)
	at com.oceantech.koolping.domain.model.EmailTest.shouldThrowIllegalArgumentExceptionWhenInvalidAddressIsPassed(EmailTest.java:26)
	at sun.reflect.NativeMethodAccessorImpl.invoke0(Native Method)
	at sun.reflect.NativeMethodAccessorImpl.invoke(NativeMethodAccessorImpl.java:57)
	at sun.reflect.DelegatingMethodAccessorImpl.invoke(DelegatingMethodAccessorImpl.java:43)
	at java.lang.reflect.Method.invoke(Method.java:601)
	at org.testng.internal.MethodInvocationHelper.invokeMethod(MethodInvocationHelper.java:80)
	at org.testng.internal.Invoker.invokeMethod(Invoker.java:673)
	at org.testng.internal.Invoker.invokeTestMethod(Invoker.java:842)
	at org.testng.internal.Invoker.invokeTestMethods(Invoker.java:1166)
	at org.testng.internal.TestMethodWorker.invokeTestMethods(TestMethodWorker.java:125)
	at org.testng.internal.TestMethodWorker.run(TestMethodWorker.java:109)
	at org.testng.TestRunner.runWorkers(TestRunner.java:1178)
	at org.testng.TestRunner.privateRun(TestRunner.java:757)
	at org.testng.TestRunner.run(TestRunner.java:608)
	at org.testng.SuiteRunner.runTest(SuiteRunner.java:334)
	at org.testng.SuiteRunner.runSequentially(SuiteRunner.java:329)
	at org.testng.SuiteRunner.privateRun(SuiteRunner.java:291)
	at org.testng.SuiteRunner.run(SuiteRunner.java:240)
	at org.testng.SuiteRunnerWorker.runSuite(SuiteRunnerWorker.java:52)
	at org.testng.SuiteRunnerWorker.run(SuiteRunnerWorker.java:86)
	at org.testng.TestNG.runSuitesSequentially(TestNG.java:1158)
	at org.testng.TestNG.runSuitesLocally(TestNG.java:1083)
	at org.testng.TestNG.run(TestNG.java:999)
	at org.apache.maven.surefire.testng.TestNGExecutor.run(TestNGExecutor.java:62)
	at org.apache.maven.surefire.testng.TestNGDirectoryTestSuite.execute(TestNGDirectoryTestSuite.java:141)
	at org.apache.maven.surefire.Surefire.run(Surefire.java:177)
	at sun.reflect.NativeMethodAccessorImpl.invoke0(Native Method)
	at sun.reflect.NativeMethodAccessorImpl.invoke(NativeMethodAccessorImpl.java:57)
	at sun.reflect.DelegatingMethodAccessorImpl.invoke(DelegatingMethodAccessorImpl.java:43)
	at java.lang.reflect.Method.invoke(Method.java:601)
	at org.apache.maven.surefire.booter.SurefireBooter.runSuitesInProcess(SurefireBooter.java:345)
	at org.apache.maven.surefire.booter.SurefireBooter.main(SurefireBooter.java:1009)
</pre></div></td>
<td>0</td>
<td>com.oceantech.koolping.domain.model.EmailTest@dabb176</td></tr>
<tr>
<td title='com.oceantech.koolping.domain.model.EmailTest.shouldThrowIllegalArgumentExceptionWhenInvalidAddressIsPassed()'><b>shouldThrowIllegalArgumentExceptionWhenInvalidAddressIsPassed</b><br>Test class: com.oceantech.koolping.domain.model.EmailTest<br>Parameters: </td>
<td><div><pre>java.lang.IllegalArgumentException: Email address is required.
	at com.oceantech.koolping.domain.model.Email.setAddress(Email.java:33)
	at com.oceantech.koolping.domain.model.Email.&lt;init&gt;(Email.java:21)
	at com.oceantech.koolping.domain.model.EmailTest.shouldThrowIllegalArgumentExceptionWhenInvalidAddressIsPassed(EmailTest.java:26)
	at org.apache.maven.surefire.testng.TestNGExecutor.run(TestNGExecutor.java:62)
	at org.apache.maven.surefire.testng.TestNGDirectoryTestSuite.execute(TestNGDirectoryTestSuite.java:141)
	at org.apache.maven.surefire.Surefire.run(Surefire.java:177)
	at org.apache.maven.surefire.booter.SurefireBooter.runSuitesInProcess(SurefireBooter.java:345)
	at org.apache.maven.surefire.booter.SurefireBooter.main(SurefireBooter.java:1009)
... Removed 26 stack frames</pre></div><a href='#' onClick='toggleBox("stack-trace1739052627", this, "Click to show all stack frames", "Click to hide stack frames")'>Click to show all stack frames</a>
<div class='stack-trace' id='stack-trace1739052627'><pre>java.lang.IllegalArgumentException: Email address is required.
	at com.oceantech.koolping.domain.model.Email.setAddress(Email.java:33)
	at com.oceantech.koolping.domain.model.Email.&lt;init&gt;(Email.java:21)
	at com.oceantech.koolping.domain.model.EmailTest.shouldThrowIllegalArgumentExceptionWhenInvalidAddressIsPassed(EmailTest.java:26)
	at sun.reflect.NativeMethodAccessorImpl.invoke0(Native Method)
	at sun.reflect.NativeMethodAccessorImpl.invoke(NativeMethodAccessorImpl.java:57)
	at sun.reflect.DelegatingMethodAccessorImpl.invoke(DelegatingMethodAccessorImpl.java:43)
	at java.lang.reflect.Method.invoke(Method.java:601)
	at org.testng.internal.MethodInvocationHelper.invokeMethod(MethodInvocationHelper.java:80)
	at org.testng.internal.Invoker.invokeMethod(Invoker.java:673)
	at org.testng.internal.Invoker.invokeTestMethod(Invoker.java:842)
	at org.testng.internal.Invoker.invokeTestMethods(Invoker.java:1166)
	at org.testng.internal.TestMethodWorker.invokeTestMethods(TestMethodWorker.java:125)
	at org.testng.internal.TestMethodWorker.run(TestMethodWorker.java:109)
	at org.testng.TestRunner.runWorkers(TestRunner.java:1178)
	at org.testng.TestRunner.privateRun(TestRunner.java:757)
	at org.testng.TestRunner.run(TestRunner.java:608)
	at org.testng.SuiteRunner.runTest(SuiteRunner.java:334)
	at org.testng.SuiteRunner.runSequentially(SuiteRunner.java:329)
	at org.testng.SuiteRunner.privateRun(SuiteRunner.java:291)
	at org.testng.SuiteRunner.run(SuiteRunner.java:240)
	at org.testng.SuiteRunnerWorker.runSuite(SuiteRunnerWorker.java:52)
	at org.testng.SuiteRunnerWorker.run(SuiteRunnerWorker.java:86)
	at org.testng.TestNG.runSuitesSequentially(TestNG.java:1158)
	at org.testng.TestNG.runSuitesLocally(TestNG.java:1083)
	at org.testng.TestNG.run(TestNG.java:999)
	at org.apache.maven.surefire.testng.TestNGExecutor.run(TestNGExecutor.java:62)
	at org.apache.maven.surefire.testng.TestNGDirectoryTestSuite.execute(TestNGDirectoryTestSuite.java:141)
	at org.apache.maven.surefire.Surefire.run(Surefire.java:177)
	at sun.reflect.NativeMethodAccessorImpl.invoke0(Native Method)
	at sun.reflect.NativeMethodAccessorImpl.invoke(NativeMethodAccessorImpl.java:57)
	at sun.reflect.DelegatingMethodAccessorImpl.invoke(DelegatingMethodAccessorImpl.java:43)
	at java.lang.reflect.Method.invoke(Method.java:601)
	at org.apache.maven.surefire.booter.SurefireBooter.runSuitesInProcess(SurefireBooter.java:345)
	at org.apache.maven.surefire.booter.SurefireBooter.main(SurefireBooter.java:1009)
</pre></div></td>
<td>0</td>
<td>com.oceantech.koolping.domain.model.EmailTest@dabb176</td></tr>
<tr>
<td title='com.oceantech.koolping.domain.model.EmailTest.shouldThrowIllegalArgumentExceptionWhenInvalidAddressIsPassed()'><b>shouldThrowIllegalArgumentExceptionWhenInvalidAddressIsPassed</b><br>Test class: com.oceantech.koolping.domain.model.EmailTest<br>Parameters: AAAAA11111-BBBBB22222-CCCCC33333-DDDDD44444-EEEEE55555-FFFFF66666-GGGGG77777-HHHHH88888-IIIII99999-JJJJJ-22222EEEEE55555-FFFFF66666-GGGGG77777-HHHHH88888-IIIII99999-JJJJJ-22222@abc.com</td>
<td><div><pre>java.lang.IllegalArgumentException: Email address must be 150 characters or less.
	at com.oceantech.koolping.domain.model.Email.setAddress(Email.java:36)
	at com.oceantech.koolping.domain.model.Email.&lt;init&gt;(Email.java:21)
	at com.oceantech.koolping.domain.model.EmailTest.shouldThrowIllegalArgumentExceptionWhenInvalidAddressIsPassed(EmailTest.java:26)
	at org.apache.maven.surefire.testng.TestNGExecutor.run(TestNGExecutor.java:62)
	at org.apache.maven.surefire.testng.TestNGDirectoryTestSuite.execute(TestNGDirectoryTestSuite.java:141)
	at org.apache.maven.surefire.Surefire.run(Surefire.java:177)
	at org.apache.maven.surefire.booter.SurefireBooter.runSuitesInProcess(SurefireBooter.java:345)
	at org.apache.maven.surefire.booter.SurefireBooter.main(SurefireBooter.java:1009)
... Removed 26 stack frames</pre></div><a href='#' onClick='toggleBox("stack-trace1005066319", this, "Click to show all stack frames", "Click to hide stack frames")'>Click to show all stack frames</a>
<div class='stack-trace' id='stack-trace1005066319'><pre>java.lang.IllegalArgumentException: Email address must be 150 characters or less.
	at com.oceantech.koolping.domain.model.Email.setAddress(Email.java:36)
	at com.oceantech.koolping.domain.model.Email.&lt;init&gt;(Email.java:21)
	at com.oceantech.koolping.domain.model.EmailTest.shouldThrowIllegalArgumentExceptionWhenInvalidAddressIsPassed(EmailTest.java:26)
	at sun.reflect.NativeMethodAccessorImpl.invoke0(Native Method)
	at sun.reflect.NativeMethodAccessorImpl.invoke(NativeMethodAccessorImpl.java:57)
	at sun.reflect.DelegatingMethodAccessorImpl.invoke(DelegatingMethodAccessorImpl.java:43)
	at java.lang.reflect.Method.invoke(Method.java:601)
	at org.testng.internal.MethodInvocationHelper.invokeMethod(MethodInvocationHelper.java:80)
	at org.testng.internal.Invoker.invokeMethod(Invoker.java:673)
	at org.testng.internal.Invoker.invokeTestMethod(Invoker.java:842)
	at org.testng.internal.Invoker.invokeTestMethods(Invoker.java:1166)
	at org.testng.internal.TestMethodWorker.invokeTestMethods(TestMethodWorker.java:125)
	at org.testng.internal.TestMethodWorker.run(TestMethodWorker.java:109)
	at org.testng.TestRunner.runWorkers(TestRunner.java:1178)
	at org.testng.TestRunner.privateRun(TestRunner.java:757)
	at org.testng.TestRunner.run(TestRunner.java:608)
	at org.testng.SuiteRunner.runTest(SuiteRunner.java:334)
	at org.testng.SuiteRunner.runSequentially(SuiteRunner.java:329)
	at org.testng.SuiteRunner.privateRun(SuiteRunner.java:291)
	at org.testng.SuiteRunner.run(SuiteRunner.java:240)
	at org.testng.SuiteRunnerWorker.runSuite(SuiteRunnerWorker.java:52)
	at org.testng.SuiteRunnerWorker.run(SuiteRunnerWorker.java:86)
	at org.testng.TestNG.runSuitesSequentially(TestNG.java:1158)
	at org.testng.TestNG.runSuitesLocally(TestNG.java:1083)
	at org.testng.TestNG.run(TestNG.java:999)
	at org.apache.maven.surefire.testng.TestNGExecutor.run(TestNGExecutor.java:62)
	at org.apache.maven.surefire.testng.TestNGDirectoryTestSuite.execute(TestNGDirectoryTestSuite.java:141)
	at org.apache.maven.surefire.Surefire.run(Surefire.java:177)
	at sun.reflect.NativeMethodAccessorImpl.invoke0(Native Method)
	at sun.reflect.NativeMethodAccessorImpl.invoke(NativeMethodAccessorImpl.java:57)
	at sun.reflect.DelegatingMethodAccessorImpl.invoke(DelegatingMethodAccessorImpl.java:43)
	at java.lang.reflect.Method.invoke(Method.java:601)
	at org.apache.maven.surefire.booter.SurefireBooter.runSuitesInProcess(SurefireBooter.java:345)
	at org.apache.maven.surefire.booter.SurefireBooter.main(SurefireBooter.java:1009)
</pre></div></td>
<td>0</td>
<td>com.oceantech.koolping.domain.model.EmailTest@dabb176</td></tr>
<tr>
<td title='com.oceantech.koolping.domain.model.EmailTest.shouldThrowIllegalArgumentExceptionWhenInvalidAddressIsPassed()'><b>shouldThrowIllegalArgumentExceptionWhenInvalidAddressIsPassed</b><br>Test class: com.oceantech.koolping.domain.model.EmailTest<br>Parameters: abc.com</td>
<td><div><pre>java.lang.IllegalArgumentException: Email address format is not valid.
	at com.oceantech.koolping.domain.model.Email.setAddress(Email.java:39)
	at com.oceantech.koolping.domain.model.Email.&lt;init&gt;(Email.java:21)
	at com.oceantech.koolping.domain.model.EmailTest.shouldThrowIllegalArgumentExceptionWhenInvalidAddressIsPassed(EmailTest.java:26)
	at org.apache.maven.surefire.testng.TestNGExecutor.run(TestNGExecutor.java:62)
	at org.apache.maven.surefire.testng.TestNGDirectoryTestSuite.execute(TestNGDirectoryTestSuite.java:141)
	at org.apache.maven.surefire.Surefire.run(Surefire.java:177)
	at org.apache.maven.surefire.booter.SurefireBooter.runSuitesInProcess(SurefireBooter.java:345)
	at org.apache.maven.surefire.booter.SurefireBooter.main(SurefireBooter.java:1009)
... Removed 26 stack frames</pre></div><a href='#' onClick='toggleBox("stack-trace43256131", this, "Click to show all stack frames", "Click to hide stack frames")'>Click to show all stack frames</a>
<div class='stack-trace' id='stack-trace43256131'><pre>java.lang.IllegalArgumentException: Email address format is not valid.
	at com.oceantech.koolping.domain.model.Email.setAddress(Email.java:39)
	at com.oceantech.koolping.domain.model.Email.&lt;init&gt;(Email.java:21)
	at com.oceantech.koolping.domain.model.EmailTest.shouldThrowIllegalArgumentExceptionWhenInvalidAddressIsPassed(EmailTest.java:26)
	at sun.reflect.NativeMethodAccessorImpl.invoke0(Native Method)
	at sun.reflect.NativeMethodAccessorImpl.invoke(NativeMethodAccessorImpl.java:57)
	at sun.reflect.DelegatingMethodAccessorImpl.invoke(DelegatingMethodAccessorImpl.java:43)
	at java.lang.reflect.Method.invoke(Method.java:601)
	at org.testng.internal.MethodInvocationHelper.invokeMethod(MethodInvocationHelper.java:80)
	at org.testng.internal.Invoker.invokeMethod(Invoker.java:673)
	at org.testng.internal.Invoker.invokeTestMethod(Invoker.java:842)
	at org.testng.internal.Invoker.invokeTestMethods(Invoker.java:1166)
	at org.testng.internal.TestMethodWorker.invokeTestMethods(TestMethodWorker.java:125)
	at org.testng.internal.TestMethodWorker.run(TestMethodWorker.java:109)
	at org.testng.TestRunner.runWorkers(TestRunner.java:1178)
	at org.testng.TestRunner.privateRun(TestRunner.java:757)
	at org.testng.TestRunner.run(TestRunner.java:608)
	at org.testng.SuiteRunner.runTest(SuiteRunner.java:334)
	at org.testng.SuiteRunner.runSequentially(SuiteRunner.java:329)
	at org.testng.SuiteRunner.privateRun(SuiteRunner.java:291)
	at org.testng.SuiteRunner.run(SuiteRunner.java:240)
	at org.testng.SuiteRunnerWorker.runSuite(SuiteRunnerWorker.java:52)
	at org.testng.SuiteRunnerWorker.run(SuiteRunnerWorker.java:86)
	at org.testng.TestNG.runSuitesSequentially(TestNG.java:1158)
	at org.testng.TestNG.runSuitesLocally(TestNG.java:1083)
	at org.testng.TestNG.run(TestNG.java:999)
	at org.apache.maven.surefire.testng.TestNGExecutor.run(TestNGExecutor.java:62)
	at org.apache.maven.surefire.testng.TestNGDirectoryTestSuite.execute(TestNGDirectoryTestSuite.java:141)
	at org.apache.maven.surefire.Surefire.run(Surefire.java:177)
	at sun.reflect.NativeMethodAccessorImpl.invoke0(Native Method)
	at sun.reflect.NativeMethodAccessorImpl.invoke(NativeMethodAccessorImpl.java:57)
	at sun.reflect.DelegatingMethodAccessorImpl.invoke(DelegatingMethodAccessorImpl.java:43)
	at java.lang.reflect.Method.invoke(Method.java:601)
	at org.apache.maven.surefire.booter.SurefireBooter.runSuitesInProcess(SurefireBooter.java:345)
	at org.apache.maven.surefire.booter.SurefireBooter.main(SurefireBooter.java:1009)
</pre></div></td>
<td>0</td>
<td>com.oceantech.koolping.domain.model.EmailTest@dabb176</td></tr>
<tr>
<td title='com.oceantech.koolping.domain.model.UserIdTest.shouldThrowIllegalArgumentExceptionWhenInvalidDataIsPassed()'><b>shouldThrowIllegalArgumentExceptionWhenInvalidDataIsPassed</b><br>Test class: com.oceantech.koolping.domain.model.UserIdTest<br>Parameters: null</td>
<td><div><pre>java.lang.IllegalArgumentException: Id can not be set to null.
	at com.oceantech.koolping.domain.model.UserId.setId(UserId.java:26)
	at com.oceantech.koolping.domain.model.UserId.&lt;init&gt;(UserId.java:17)
	at com.oceantech.koolping.domain.model.UserIdTest.shouldThrowIllegalArgumentExceptionWhenInvalidDataIsPassed(UserIdTest.java:26)
	at org.apache.maven.surefire.testng.TestNGExecutor.run(TestNGExecutor.java:62)
	at org.apache.maven.surefire.testng.TestNGDirectoryTestSuite.execute(TestNGDirectoryTestSuite.java:141)
	at org.apache.maven.surefire.Surefire.run(Surefire.java:177)
	at org.apache.maven.surefire.booter.SurefireBooter.runSuitesInProcess(SurefireBooter.java:345)
	at org.apache.maven.surefire.booter.SurefireBooter.main(SurefireBooter.java:1009)
... Removed 26 stack frames</pre></div><a href='#' onClick='toggleBox("stack-trace2047907233", this, "Click to show all stack frames", "Click to hide stack frames")'>Click to show all stack frames</a>
<div class='stack-trace' id='stack-trace2047907233'><pre>java.lang.IllegalArgumentException: Id can not be set to null.
	at com.oceantech.koolping.domain.model.UserId.setId(UserId.java:26)
	at com.oceantech.koolping.domain.model.UserId.&lt;init&gt;(UserId.java:17)
	at com.oceantech.koolping.domain.model.UserIdTest.shouldThrowIllegalArgumentExceptionWhenInvalidDataIsPassed(UserIdTest.java:26)
	at sun.reflect.NativeMethodAccessorImpl.invoke0(Native Method)
	at sun.reflect.NativeMethodAccessorImpl.invoke(NativeMethodAccessorImpl.java:57)
	at sun.reflect.DelegatingMethodAccessorImpl.invoke(DelegatingMethodAccessorImpl.java:43)
	at java.lang.reflect.Method.invoke(Method.java:601)
	at org.testng.internal.MethodInvocationHelper.invokeMethod(MethodInvocationHelper.java:80)
	at org.testng.internal.Invoker.invokeMethod(Invoker.java:673)
	at org.testng.internal.Invoker.invokeTestMethod(Invoker.java:842)
	at org.testng.internal.Invoker.invokeTestMethods(Invoker.java:1166)
	at org.testng.internal.TestMethodWorker.invokeTestMethods(TestMethodWorker.java:125)
	at org.testng.internal.TestMethodWorker.run(TestMethodWorker.java:109)
	at org.testng.TestRunner.runWorkers(TestRunner.java:1178)
	at org.testng.TestRunner.privateRun(TestRunner.java:757)
	at org.testng.TestRunner.run(TestRunner.java:608)
	at org.testng.SuiteRunner.runTest(SuiteRunner.java:334)
	at org.testng.SuiteRunner.runSequentially(SuiteRunner.java:329)
	at org.testng.SuiteRunner.privateRun(SuiteRunner.java:291)
	at org.testng.SuiteRunner.run(SuiteRunner.java:240)
	at org.testng.SuiteRunnerWorker.runSuite(SuiteRunnerWorker.java:52)
	at org.testng.SuiteRunnerWorker.run(SuiteRunnerWorker.java:86)
	at org.testng.TestNG.runSuitesSequentially(TestNG.java:1158)
	at org.testng.TestNG.runSuitesLocally(TestNG.java:1083)
	at org.testng.TestNG.run(TestNG.java:999)
	at org.apache.maven.surefire.testng.TestNGExecutor.run(TestNGExecutor.java:62)
	at org.apache.maven.surefire.testng.TestNGDirectoryTestSuite.execute(TestNGDirectoryTestSuite.java:141)
	at org.apache.maven.surefire.Surefire.run(Surefire.java:177)
	at sun.reflect.NativeMethodAccessorImpl.invoke0(Native Method)
	at sun.reflect.NativeMethodAccessorImpl.invoke(NativeMethodAccessorImpl.java:57)
	at sun.reflect.DelegatingMethodAccessorImpl.invoke(DelegatingMethodAccessorImpl.java:43)
	at java.lang.reflect.Method.invoke(Method.java:601)
	at org.apache.maven.surefire.booter.SurefireBooter.runSuitesInProcess(SurefireBooter.java:345)
	at org.apache.maven.surefire.booter.SurefireBooter.main(SurefireBooter.java:1009)
</pre></div></td>
<td>0</td>
<td>com.oceantech.koolping.domain.model.UserIdTest@30fc0fd</td></tr>
<tr>
<td title='com.oceantech.koolping.domain.model.UserIdTest.shouldThrowIllegalArgumentExceptionWhenInvalidDataIsPassed()'><b>shouldThrowIllegalArgumentExceptionWhenInvalidDataIsPassed</b><br>Test class: com.oceantech.koolping.domain.model.UserIdTest<br>Parameters: </td>
<td><div><pre>java.lang.IllegalArgumentException: Id is required.
	at com.oceantech.koolping.domain.model.UserId.setId(UserId.java:29)
	at com.oceantech.koolping.domain.model.UserId.&lt;init&gt;(UserId.java:17)
	at com.oceantech.koolping.domain.model.UserIdTest.shouldThrowIllegalArgumentExceptionWhenInvalidDataIsPassed(UserIdTest.java:26)
	at org.apache.maven.surefire.testng.TestNGExecutor.run(TestNGExecutor.java:62)
	at org.apache.maven.surefire.testng.TestNGDirectoryTestSuite.execute(TestNGDirectoryTestSuite.java:141)
	at org.apache.maven.surefire.Surefire.run(Surefire.java:177)
	at org.apache.maven.surefire.booter.SurefireBooter.runSuitesInProcess(SurefireBooter.java:345)
	at org.apache.maven.surefire.booter.SurefireBooter.main(SurefireBooter.java:1009)
... Removed 26 stack frames</pre></div><a href='#' onClick='toggleBox("stack-trace1456454562", this, "Click to show all stack frames", "Click to hide stack frames")'>Click to show all stack frames</a>
<div class='stack-trace' id='stack-trace1456454562'><pre>java.lang.IllegalArgumentException: Id is required.
	at com.oceantech.koolping.domain.model.UserId.setId(UserId.java:29)
	at com.oceantech.koolping.domain.model.UserId.&lt;init&gt;(UserId.java:17)
	at com.oceantech.koolping.domain.model.UserIdTest.shouldThrowIllegalArgumentExceptionWhenInvalidDataIsPassed(UserIdTest.java:26)
	at sun.reflect.NativeMethodAccessorImpl.invoke0(Native Method)
	at sun.reflect.NativeMethodAccessorImpl.invoke(NativeMethodAccessorImpl.java:57)
	at sun.reflect.DelegatingMethodAccessorImpl.invoke(DelegatingMethodAccessorImpl.java:43)
	at java.lang.reflect.Method.invoke(Method.java:601)
	at org.testng.internal.MethodInvocationHelper.invokeMethod(MethodInvocationHelper.java:80)
	at org.testng.internal.Invoker.invokeMethod(Invoker.java:673)
	at org.testng.internal.Invoker.invokeTestMethod(Invoker.java:842)
	at org.testng.internal.Invoker.invokeTestMethods(Invoker.java:1166)
	at org.testng.internal.TestMethodWorker.invokeTestMethods(TestMethodWorker.java:125)
	at org.testng.internal.TestMethodWorker.run(TestMethodWorker.java:109)
	at org.testng.TestRunner.runWorkers(TestRunner.java:1178)
	at org.testng.TestRunner.privateRun(TestRunner.java:757)
	at org.testng.TestRunner.run(TestRunner.java:608)
	at org.testng.SuiteRunner.runTest(SuiteRunner.java:334)
	at org.testng.SuiteRunner.runSequentially(SuiteRunner.java:329)
	at org.testng.SuiteRunner.privateRun(SuiteRunner.java:291)
	at org.testng.SuiteRunner.run(SuiteRunner.java:240)
	at org.testng.SuiteRunnerWorker.runSuite(SuiteRunnerWorker.java:52)
	at org.testng.SuiteRunnerWorker.run(SuiteRunnerWorker.java:86)
	at org.testng.TestNG.runSuitesSequentially(TestNG.java:1158)
	at org.testng.TestNG.runSuitesLocally(TestNG.java:1083)
	at org.testng.TestNG.run(TestNG.java:999)
	at org.apache.maven.surefire.testng.TestNGExecutor.run(TestNGExecutor.java:62)
	at org.apache.maven.surefire.testng.TestNGDirectoryTestSuite.execute(TestNGDirectoryTestSuite.java:141)
	at org.apache.maven.surefire.Surefire.run(Surefire.java:177)
	at sun.reflect.NativeMethodAccessorImpl.invoke0(Native Method)
	at sun.reflect.NativeMethodAccessorImpl.invoke(NativeMethodAccessorImpl.java:57)
	at sun.reflect.DelegatingMethodAccessorImpl.invoke(DelegatingMethodAccessorImpl.java:43)
	at java.lang.reflect.Method.invoke(Method.java:601)
	at org.apache.maven.surefire.booter.SurefireBooter.runSuitesInProcess(SurefireBooter.java:345)
	at org.apache.maven.surefire.booter.SurefireBooter.main(SurefireBooter.java:1009)
</pre></div></td>
<td>0</td>
<td>com.oceantech.koolping.domain.model.UserIdTest@30fc0fd</td></tr>
<tr>
<td title='com.oceantech.koolping.domain.model.UserIdTest.shouldThrowIllegalArgumentExceptionWhenInvalidDataIsPassed()'><b>shouldThrowIllegalArgumentExceptionWhenInvalidDataIsPassed</b><br>Test class: com.oceantech.koolping.domain.model.UserIdTest<br>Parameters: AAAAA11111-BBBBB22222-CCCCC33333-DDDDD44444-EEEEE55555-FFFFF66666-GGGGG77777-HHHHH88888-IIIII99999-JJJJJ-22222</td>
<td><div><pre>java.lang.IllegalArgumentException: Id must be 100 characters or less.
	at com.oceantech.koolping.domain.model.UserId.setId(UserId.java:32)
	at com.oceantech.koolping.domain.model.UserId.&lt;init&gt;(UserId.java:17)
	at com.oceantech.koolping.domain.model.UserIdTest.shouldThrowIllegalArgumentExceptionWhenInvalidDataIsPassed(UserIdTest.java:26)
	at org.apache.maven.surefire.testng.TestNGExecutor.run(TestNGExecutor.java:62)
	at org.apache.maven.surefire.testng.TestNGDirectoryTestSuite.execute(TestNGDirectoryTestSuite.java:141)
	at org.apache.maven.surefire.Surefire.run(Surefire.java:177)
	at org.apache.maven.surefire.booter.SurefireBooter.runSuitesInProcess(SurefireBooter.java:345)
	at org.apache.maven.surefire.booter.SurefireBooter.main(SurefireBooter.java:1009)
... Removed 26 stack frames</pre></div><a href='#' onClick='toggleBox("stack-trace1613215028", this, "Click to show all stack frames", "Click to hide stack frames")'>Click to show all stack frames</a>
<div class='stack-trace' id='stack-trace1613215028'><pre>java.lang.IllegalArgumentException: Id must be 100 characters or less.
	at com.oceantech.koolping.domain.model.UserId.setId(UserId.java:32)
	at com.oceantech.koolping.domain.model.UserId.&lt;init&gt;(UserId.java:17)
	at com.oceantech.koolping.domain.model.UserIdTest.shouldThrowIllegalArgumentExceptionWhenInvalidDataIsPassed(UserIdTest.java:26)
	at sun.reflect.NativeMethodAccessorImpl.invoke0(Native Method)
	at sun.reflect.NativeMethodAccessorImpl.invoke(NativeMethodAccessorImpl.java:57)
	at sun.reflect.DelegatingMethodAccessorImpl.invoke(DelegatingMethodAccessorImpl.java:43)
	at java.lang.reflect.Method.invoke(Method.java:601)
	at org.testng.internal.MethodInvocationHelper.invokeMethod(MethodInvocationHelper.java:80)
	at org.testng.internal.Invoker.invokeMethod(Invoker.java:673)
	at org.testng.internal.Invoker.invokeTestMethod(Invoker.java:842)
	at org.testng.internal.Invoker.invokeTestMethods(Invoker.java:1166)
	at org.testng.internal.TestMethodWorker.invokeTestMethods(TestMethodWorker.java:125)
	at org.testng.internal.TestMethodWorker.run(TestMethodWorker.java:109)
	at org.testng.TestRunner.runWorkers(TestRunner.java:1178)
	at org.testng.TestRunner.privateRun(TestRunner.java:757)
	at org.testng.TestRunner.run(TestRunner.java:608)
	at org.testng.SuiteRunner.runTest(SuiteRunner.java:334)
	at org.testng.SuiteRunner.runSequentially(SuiteRunner.java:329)
	at org.testng.SuiteRunner.privateRun(SuiteRunner.java:291)
	at org.testng.SuiteRunner.run(SuiteRunner.java:240)
	at org.testng.SuiteRunnerWorker.runSuite(SuiteRunnerWorker.java:52)
	at org.testng.SuiteRunnerWorker.run(SuiteRunnerWorker.java:86)
	at org.testng.TestNG.runSuitesSequentially(TestNG.java:1158)
	at org.testng.TestNG.runSuitesLocally(TestNG.java:1083)
	at org.testng.TestNG.run(TestNG.java:999)
	at org.apache.maven.surefire.testng.TestNGExecutor.run(TestNGExecutor.java:62)
	at org.apache.maven.surefire.testng.TestNGDirectoryTestSuite.execute(TestNGDirectoryTestSuite.java:141)
	at org.apache.maven.surefire.Surefire.run(Surefire.java:177)
	at sun.reflect.NativeMethodAccessorImpl.invoke0(Native Method)
	at sun.reflect.NativeMethodAccessorImpl.invoke(NativeMethodAccessorImpl.java:57)
	at sun.reflect.DelegatingMethodAccessorImpl.invoke(DelegatingMethodAccessorImpl.java:43)
	at java.lang.reflect.Method.invoke(Method.java:601)
	at org.apache.maven.surefire.booter.SurefireBooter.runSuitesInProcess(SurefireBooter.java:345)
	at org.apache.maven.surefire.booter.SurefireBooter.main(SurefireBooter.java:1009)
</pre></div></td>
<td>0</td>
<td>com.oceantech.koolping.domain.model.UserIdTest@30fc0fd</td></tr>
</table><p>
</body>
</html>